[    0.000000] Initializing cgroup subsys cpuset
[    0.000000] Initializing cgroup subsys cpu
[    0.000000] Initializing cgroup subsys cpuacct
[    0.000000] Linux version 4.4.0-210-generic (buildd@lgw01-amd64-009) (gcc version 5.4.0 20160609 (Ubuntu 5.4.0-6ubuntu1~16.04.12) ) #242-Ubuntu SMP Fri Apr 16 09:57:56 UTC 2021 (Ubuntu 4.4.0-210.242-generic 4.4.262)
[    0.000000] Command line: BOOT_IMAGE=/boot/vmlinuz-4.4.0-210-generic root=LABEL=cloudimg-rootfs ro console=tty1 console=ttyS0
[    0.000000] KERNEL supported cpus:
[    0.000000]   Intel GenuineIntel
[    0.000000]   AMD AuthenticAMD
[    0.000000]   Centaur CentaurHauls
[    0.000000] x86/fpu: xstate_offset[2]:  576, xstate_sizes[2]:  256
[    0.000000] x86/fpu: Supporting XSAVE feature 0x01: 'x87 floating point registers'
[    0.000000] x86/fpu: Supporting XSAVE feature 0x02: 'SSE registers'
[    0.000000] x86/fpu: Supporting XSAVE feature 0x04: 'AVX registers'
[    0.000000] x86/fpu: Enabled xstate features 0x7, context size is 832 bytes, using 'standard' format.
[    0.000000] e820: BIOS-provided physical RAM map:
[    0.000000] BIOS-e820: [mem 0x0000000000000000-0x000000000009fbff] usable
[    0.000000] BIOS-e820: [mem 0x000000000009fc00-0x000000000009ffff] reserved
[    0.000000] BIOS-e820: [mem 0x00000000000f0000-0x00000000000fffff] reserved
[    0.000000] BIOS-e820: [mem 0x0000000000100000-0x000000003ffeffff] usable
[    0.000000] BIOS-e820: [mem 0x000000003fff0000-0x000000003fffffff] ACPI data
[    0.000000] BIOS-e820: [mem 0x00000000fec00000-0x00000000fec00fff] reserved
[    0.000000] BIOS-e820: [mem 0x00000000fee00000-0x00000000fee00fff] reserved
[    0.000000] BIOS-e820: [mem 0x00000000fffc0000-0x00000000ffffffff] reserved
[    0.000000] NX (Execute Disable) protection: active
[    0.000000] SMBIOS 2.5 present.
[    0.000000] Hypervisor detected: KVM
[    0.000000] e820: last_pfn = 0x3fff0 max_arch_pfn = 0x400000000
[    0.000000] MTRR: Disabled
[    0.000000] x86/PAT: MTRRs disabled, skipping PAT initialization too.
[    0.000000] CPU MTRRs all blank - virtualized system.
[    0.000000] x86/PAT: Configuration [0-7]: WB  WT  UC- UC  WB  WT  UC- UC  
[    0.000000] found SMP MP-table at [mem 0x0009fff0-0x0009ffff] mapped at [ffff88000009fff0]
[    0.000000] Scanning 1 areas for low memory corruption
[    0.000000] RAMDISK: [mem 0x362dc000-0x37165fff]
[    0.000000] ACPI: Early table checksum verification disabled
[    0.000000] ACPI: RSDP 0x00000000000E0000 000024 (v02 VBOX  )
[    0.000000] ACPI: XSDT 0x000000003FFF0030 00003C (v01 VBOX   VBOXXSDT 00000001 ASL  00000061)
[    0.000000] ACPI: FACP 0x000000003FFF00F0 0000F4 (v04 VBOX   VBOXFACP 00000001 ASL  00000061)
[    0.000000] ACPI: DSDT 0x000000003FFF0470 002325 (v02 VBOX   VBOXBIOS 00000002 INTL 20200925)
[    0.000000] ACPI: FACS 0x000000003FFF0200 000040
[    0.000000] ACPI: FACS 0x000000003FFF0200 000040
[    0.000000] ACPI: APIC 0x000000003FFF0240 00005C (v02 VBOX   VBOXAPIC 00000001 ASL  00000061)
[    0.000000] ACPI: SSDT 0x000000003FFF02A0 0001CC (v01 VBOX   VBOXCPUT 00000002 INTL 20200925)
[    0.000000] No NUMA configuration found
[    0.000000] Faking a node at [mem 0x0000000000000000-0x000000003ffeffff]
[    0.000000] NODE_DATA(0) allocated [mem 0x3ffeb000-0x3ffeffff]
[    0.000000] kvm-clock: Using msrs 4b564d01 and 4b564d00
[    0.000000] kvm-clock: cpu 0, msr 0:3ffe3001, primary cpu clock
[    0.000000] kvm-clock: using sched offset of 4581211268 cycles
[    0.000000] clocksource: kvm-clock: mask: 0xffffffffffffffff max_cycles: 0x1cd42e4dffb, max_idle_ns: 881590591483 ns
[    0.000000] Zone ranges:
[    0.000000]   DMA      [mem 0x0000000000001000-0x0000000000ffffff]
[    0.000000]   DMA32    [mem 0x0000000001000000-0x000000003ffeffff]
[    0.000000]   Normal   empty
[    0.000000]   Device   empty
[    0.000000] Movable zone start for each node
[    0.000000] Early memory node ranges
[    0.000000]   node   0: [mem 0x0000000000001000-0x000000000009efff]
[    0.000000]   node   0: [mem 0x0000000000100000-0x000000003ffeffff]
[    0.000000] Initmem setup node 0 [mem 0x0000000000001000-0x000000003ffeffff]
[    0.000000] ACPI: PM-Timer IO Port: 0x4008
[    0.000000] IOAPIC[0]: apic_id 2, version 32, address 0xfec00000, GSI 0-23
[    0.000000] ACPI: INT_SRC_OVR (bus 0 bus_irq 0 global_irq 2 dfl dfl)
[    0.000000] ACPI: INT_SRC_OVR (bus 0 bus_irq 9 global_irq 9 low level)
[    0.000000] Using ACPI (MADT) for SMP configuration information
[    0.000000] smpboot: Allowing 2 CPUs, 0 hotplug CPUs
[    0.000000] PM: Registered nosave memory: [mem 0x00000000-0x00000fff]
[    0.000000] PM: Registered nosave memory: [mem 0x0009f000-0x0009ffff]
[    0.000000] PM: Registered nosave memory: [mem 0x000a0000-0x000effff]
[    0.000000] PM: Registered nosave memory: [mem 0x000f0000-0x000fffff]
[    0.000000] e820: [mem 0x40000000-0xfebfffff] available for PCI devices
[    0.000000] Booting paravirtualized kernel on KVM
[    0.000000] clocksource: refined-jiffies: mask: 0xffffffff max_cycles: 0xffffffff, max_idle_ns: 7645519600211568 ns
[    0.000000] setup_percpu: NR_CPUS:512 nr_cpumask_bits:512 nr_cpu_ids:2 nr_node_ids:1
[    0.000000] PERCPU: Embedded 33 pages/cpu @ffff88003fc00000 s95192 r8192 d31784 u1048576
[    0.000000] Built 1 zonelists in Node order, mobility grouping on.  Total pages: 257912
[    0.000000] Policy zone: DMA32
[    0.000000] Kernel command line: BOOT_IMAGE=/boot/vmlinuz-4.4.0-210-generic root=LABEL=cloudimg-rootfs ro console=tty1 console=ttyS0
[    0.000000] PID hash table entries: 4096 (order: 3, 32768 bytes)
[    0.000000] Memory: 997792K/1048120K available (8644K kernel code, 1332K rwdata, 4044K rodata, 1492K init, 1164K bss, 50328K reserved, 0K cma-reserved)
[    0.000000] SLUB: HWalign=64, Order=0-3, MinObjects=0, CPUs=2, Nodes=1
[    0.000000] Kernel/User page tables isolation: enabled
[    0.000000] Hierarchical RCU implementation.
[    0.000000] 	Build-time adjustment of leaf fanout to 64.
[    0.000000] 	RCU restricting CPUs from NR_CPUS=512 to nr_cpu_ids=2.
[    0.000000] RCU: Adjusting geometry for rcu_fanout_leaf=64, nr_cpu_ids=2
[    0.000000] NR_IRQS:33024 nr_irqs:440 16
[    0.000000] Console: colour VGA+ 80x25
[    0.000000] console [tty1] enabled
[    0.000000] console [ttyS0] enabled
[    0.000000] tsc: Detected 1895.976 MHz processor
[    0.163137] Calibrating delay loop (skipped) preset value.. 3791.95 BogoMIPS (lpj=7583904)
[    0.165098] pid_max: default: 32768 minimum: 301
[    0.166150] ACPI: Core revision 20150930
[    0.169243] ACPI: 2 ACPI AML tables successfully acquired and loaded
[    0.170721] Security Framework initialized
[    0.171641] Yama: becoming mindful.
[    0.172489] AppArmor: AppArmor initialized
[    0.173514] Dentry cache hash table entries: 131072 (order: 8, 1048576 bytes)
[    0.175973] Inode-cache hash table entries: 65536 (order: 7, 524288 bytes)
[    0.177763] Mount-cache hash table entries: 2048 (order: 2, 16384 bytes)
[    0.179600] Mountpoint-cache hash table entries: 2048 (order: 2, 16384 bytes)
[    0.181552] Initializing cgroup subsys io
[    0.182564] Initializing cgroup subsys memory
[    0.183761] Initializing cgroup subsys devices
[    0.184837] Initializing cgroup subsys freezer
[    0.185918] Initializing cgroup subsys net_cls
[    0.186937] Initializing cgroup subsys perf_event
[    0.188136] Initializing cgroup subsys net_prio
[    0.189179] Initializing cgroup subsys hugetlb
[    0.190164] Initializing cgroup subsys pids
[    0.204970] mce: CPU supports 0 MCE banks
[    0.205979] Last level iTLB entries: 4KB 64, 2MB 8, 4MB 8
[    0.207168] Last level dTLB entries: 4KB 64, 2MB 0, 4MB 0, 1GB 4
[    0.208383] Spectre V1 : Mitigation: usercopy/swapgs barriers and __user pointer sanitization
[    0.210280] Spectre V2 : Mitigation: Full generic retpoline
[    0.211617] Spectre V2 : Spectre v2 / SpectreRSB mitigation: Filling RSB on context switch
[    0.213547] Speculative Store Bypass: Vulnerable
[    0.214797] SRBDS: Unknown: Dependent on hypervisor status
[    0.216068] MDS: Mitigation: Clear CPU buffers
[    0.220121] Freeing SMP alternatives memory: 36K
[    0.227735] ftrace: allocating 32380 entries in 127 pages
[    0.291387] smpboot: APIC(0) Converting physical 0 to logical package 0
[    0.292763] smpboot: Max logical packages: 1
[    0.294064] x2apic enabled
[    0.295191] Switched APIC routing to physical x2apic.
[    0.297906] ..TIMER: vector=0x30 apic1=0 pin1=2 apic2=-1 pin2=-1
[    0.407375] smpboot: CPU0: Intel(R) Core(TM) i5-8350U CPU @ 1.70GHz (family: 0x6, model: 0x8e, stepping: 0xa)
[    0.410044] Performance Events: unsupported p6 CPU model 142 no PMU driver, software events only.
[    0.422767] KVM setup paravirtual spinlock
[    0.425684] x86: Booting SMP configuration:
[    0.426718] .... node  #0, CPUs:      #1
[    0.427913] kvm-clock: cpu 1, msr 0:3ffe3041, secondary cpu clock
[    0.442605] mce: CPU supports 0 MCE banks
[    0.445205] x86: Booted up 1 node, 2 CPUs
[    0.446436] smpboot: Total of 2 processors activated (7583.90 BogoMIPS)
[    0.448224] devtmpfs: initialized
[    0.450682] evm: security.selinux
[    0.451469] evm: security.SMACK64
[    0.452296] evm: security.SMACK64EXEC
[    0.453139] evm: security.SMACK64TRANSMUTE
[    0.454076] evm: security.SMACK64MMAP
[    0.454956] evm: security.ima
[    0.455769] evm: security.capability
[    0.456890] clocksource: jiffies: mask: 0xffffffff max_cycles: 0xffffffff, max_idle_ns: 7645041785100000 ns
[    0.459447] futex hash table entries: 512 (order: 3, 32768 bytes)
[    0.461245] pinctrl core: initialized pinctrl subsystem
[    0.462735] RTC time:  4:57:06, date: 07/03/23
[    0.464285] NET: Registered protocol family 16
[    0.475648] cpuidle: using governor ladder
[    0.487896] cpuidle: using governor menu
[    0.489153] PCCT header not found.
[    0.490489] ACPI: bus type PCI registered
[    0.491852] acpiphp: ACPI Hot Plug PCI Controller Driver version: 0.5
[    0.493876] PCI: Using configuration type 1 for base access
[    0.508384] ACPI: Added _OSI(Module Device)
[    0.509841] ACPI: Added _OSI(Processor Device)
[    0.511253] ACPI: Added _OSI(3.0 _SCP Extensions)
[    0.512771] ACPI: Added _OSI(Processor Aggregator Device)
[    0.515159] ACPI: Executed 1 blocks of module-level executable AML code
[    0.520185] ACPI: Interpreter enabled
[    0.521519] ACPI: (supports S0 S5)
[    0.522758] ACPI: Using IOAPIC for interrupt routing
[    0.524390] PCI: Using host bridge windows from ACPI; if necessary, use "pci=nocrs" and report a bug
[    0.530859] ACPI: PCI Root Bridge [PCI0] (domain 0000 [bus 00-ff])
[    0.532276] acpi PNP0A03:00: _OSC: OS supports [ASPM ClockPM Segments MSI]
[    0.534147] acpi PNP0A03:00: _OSC: not requesting OS control; OS requires [ExtendedConfig ASPM ClockPM MSI]
[    0.536446] acpi PNP0A03:00: fail to add MMCONFIG information, can't access extended PCI configuration space under this bridge.
[    0.539475] PCI host bridge to bus 0000:00
[    0.540550] pci_bus 0000:00: root bus resource [io  0x0000-0x0cf7 window]
[    0.541975] pci_bus 0000:00: root bus resource [io  0x0d00-0xffff window]
[    0.543404] pci_bus 0000:00: root bus resource [mem 0x000a0000-0x000bffff window]
[    0.545218] pci_bus 0000:00: root bus resource [mem 0x40000000-0xfdffffff window]
[    0.547264] pci_bus 0000:00: root bus resource [bus 00-ff]
[    0.550191] pci 0000:00:01.1: legacy IDE quirk: reg 0x10: [io  0x01f0-0x01f7]
[    0.551658] pci 0000:00:01.1: legacy IDE quirk: reg 0x14: [io  0x03f6]
[    0.553013] pci 0000:00:01.1: legacy IDE quirk: reg 0x18: [io  0x0170-0x0177]
[    0.568660] pci 0000:00:01.1: legacy IDE quirk: reg 0x1c: [io  0x0376]
[    0.581690] pci 0000:00:07.0: quirk: [io  0x4000-0x403f] claimed by PIIX4 ACPI
[    0.583463] pci 0000:00:07.0: quirk: [io  0x4100-0x410f] claimed by PIIX4 SMB
[    0.589611] ACPI: PCI Interrupt Link [LNKA] (IRQs 5 9 10 *11)
[    0.591899] ACPI: PCI Interrupt Link [LNKB] (IRQs 5 9 *10 11)
[    0.593663] ACPI: PCI Interrupt Link [LNKC] (IRQs 5 *9 10 11)
[    0.595518] ACPI: PCI Interrupt Link [LNKD] (IRQs 5 9 10 *11)
[    0.597374] ACPI: Enabled 2 GPEs in block 00 to 07
[    0.600429] vgaarb: setting as boot device: PCI:0000:00:02.0
[    0.601931] vgaarb: device added: PCI:0000:00:02.0,decodes=io+mem,owns=io+mem,locks=none
[    0.603809] vgaarb: loaded
[    0.604531] vgaarb: bridge control possible 0000:00:02.0
[    0.605880] SCSI subsystem initialized
[    0.606952] ACPI: bus type USB registered
[    0.607900] usbcore: registered new interface driver usbfs
[    0.609080] usbcore: registered new interface driver hub
[    0.610327] usbcore: registered new device driver usb
[    0.612362] PCI: Using ACPI for IRQ routing
[    0.613650] NetLabel: Initializing
[    0.614483] NetLabel:  domain hash size = 128
[    0.615453] NetLabel:  protocols = UNLABELED CIPSOv4
[    0.616547] NetLabel:  unlabeled traffic allowed by default
[    0.617901] amd_nb: Cannot enumerate AMD northbridges
[    0.619137] clocksource: Switched to clocksource kvm-clock
[    0.628327] AppArmor: AppArmor Filesystem Enabled
[    0.629763] pnp: PnP ACPI init
[    0.631427] pnp: PnP ACPI: found 3 devices
[    0.640747] clocksource: acpi_pm: mask: 0xffffff max_cycles: 0xffffff, max_idle_ns: 2085701024 ns
[    0.642731] NET: Registered protocol family 2
[    0.643881] TCP established hash table entries: 8192 (order: 4, 65536 bytes)
[    0.645271] TCP bind hash table entries: 8192 (order: 5, 131072 bytes)
[    0.646685] TCP: Hash tables configured (established 8192 bind 8192)
[    0.648131] UDP hash table entries: 512 (order: 2, 16384 bytes)
[    0.649400] UDP-Lite hash table entries: 512 (order: 2, 16384 bytes)
[    0.650770] NET: Registered protocol family 1
[    0.651815] pci 0000:00:00.0: Limiting direct PCI/PCI transfers
[    0.653198] pci 0000:00:01.0: Activating ISA DMA hang workarounds
[    0.654750] Unpacking initramfs...
[    0.846770] Freeing initrd memory: 14888K
[    0.848205] clocksource: tsc: mask: 0xffffffffffffffff max_cycles: 0x36a8a5f3dbd, max_idle_ns: 881590795542 ns
[    0.850614] platform rtc_cmos: registered platform RTC device (no PNP device found)
[    0.852617] Scanning for low memory corruption every 60 seconds
[    0.854238] audit: initializing netlink subsys (disabled)
[    0.855398] audit: type=2000 audit(1688360232.144:1): initialized
[    0.857041] Initialise system trusted keyring
[    0.858363] HugeTLB registered 2 MB page size, pre-allocated 0 pages
[    0.860973] zbud: loaded
[    0.862099] VFS: Disk quotas dquot_6.6.0
[    0.863220] VFS: Dquot-cache hash table entries: 512 (order 0, 4096 bytes)
[    0.864875] squashfs: version 4.0 (2009/01/31) Phillip Lougher
[    0.866430] fuse init (API version 7.23)
[    0.867479] Key type big_key registered
[    0.868467] Allocating IMA MOK and blacklist keyrings.
[    0.870189] Key type asymmetric registered
[    0.871139] Asymmetric key parser 'x509' registered
[    0.872331] Block layer SCSI generic (bsg) driver version 0.4 loaded (major 249)
[    0.874188] io scheduler noop registered
[    0.875137] io scheduler deadline registered (default)
[    0.876374] io scheduler cfq registered
[    0.877389] pci_hotplug: PCI Hot Plug PCI Core version: 0.5
[    0.878601] pciehp: PCI Express Hot Plug Controller Driver version: 0.4
[    0.880278] ACPI: AC Adapter [AC] (on-line)
[    0.881310] input: Power Button as /devices/LNXSYSTM:00/LNXPWRBN:00/input/input0
[    0.883025] ACPI: Power Button [PWRF]
[    0.883995] input: Sleep Button as /devices/LNXSYSTM:00/LNXSLPBN:00/input/input1
[    0.885813] ACPI: Sleep Button [SLPF]
[    0.886924] GHES: HEST is not enabled!
[    0.887776] ACPI: Battery Slot [BAT0] (battery present)
[    0.889142] Serial: 8250/16550 driver, 32 ports, IRQ sharing enabled
[    0.911098] 00:02: ttyS0 at I/O 0x3f8 (irq = 4, base_baud = 115200) is a 16550A
[    0.914107] Linux agpgart interface v0.103
[    0.916598] loop: module loaded
[    0.917908] scsi host0: ata_piix
[    0.918812] scsi host1: ata_piix
[    0.919685] ata1: PATA max UDMA/33 cmd 0x1f0 ctl 0x3f6 bmdma 0xd000 irq 14
[    0.921156] ata2: PATA max UDMA/33 cmd 0x170 ctl 0x376 bmdma 0xd008 irq 15
[    0.922642] libphy: Fixed MDIO Bus: probed
[    0.923593] tun: Universal TUN/TAP device driver, 1.6
[    0.924768] tun: (C) 1999-2004 Max Krasnyansky <maxk@qualcomm.com>
[    0.926072] PPP generic driver version 2.4.2
[    0.927105] ehci_hcd: USB 2.0 'Enhanced' Host Controller (EHCI) Driver
[    0.928598] ehci-pci: EHCI PCI platform driver
[    0.929748] ehci-platform: EHCI generic platform driver
[    0.930983] ohci_hcd: USB 1.1 'Open' Host Controller (OHCI) Driver
[    0.932456] ohci-pci: OHCI PCI platform driver
[    0.933488] ohci-platform: OHCI generic platform driver
[    0.934614] uhci_hcd: USB Universal Host Controller Interface driver
[    0.935986] i8042: PNP: PS/2 Controller [PNP0303:PS2K,PNP0f03:PS2M] at 0x60,0x64 irq 1,12
[    0.938371] serio: i8042 KBD port at 0x60,0x64 irq 1
[    0.939608] serio: i8042 AUX port at 0x60,0x64 irq 12
[    0.940828] mousedev: PS/2 mouse device common for all mice
[    0.942431] input: AT Translated Set 2 keyboard as /devices/platform/i8042/serio0/input/input2
[    0.944495] rtc_cmos rtc_cmos: rtc core: registered rtc_cmos as rtc0
[    0.945836] rtc_cmos rtc_cmos: alarms up to one day, 114 bytes nvram
[    0.947218] i2c /dev entries driver
[    0.948328] device-mapper: uevent: version 1.0.3
[    0.949643] device-mapper: ioctl: 4.34.0-ioctl (2015-10-28) initialised: dm-devel@redhat.com
[    0.951599] ledtrig-cpu: registered to indicate activity on CPUs
[    0.953228] NET: Registered protocol family 10
[    0.954422] NET: Registered protocol family 17
[    0.955537] Key type dns_resolver registered
[    0.957149] registered taskstats version 1
[    0.958139] Loading compiled-in X.509 certificates
[    0.959701] Loaded X.509 cert 'Build time autogenerated kernel key: cf00e047681d67edb2720680708b7d9498083038'
[    0.961904] zswap: loaded using pool lzo/zbud
[    0.964771] Key type trusted registered
[    0.968621] Key type encrypted registered
[    0.969597] AppArmor: AppArmor sha1 policy hashing enabled
[    0.970734] ima: No TPM chip found, activating TPM-bypass!
[    0.971912] ima: Allocated hash algorithm: sha1
[    0.972921] evm: HMAC attrs: 0x1
[    0.973983]   Magic number: 15:95:969
[    0.975065] rtc_cmos rtc_cmos: setting system clock to 2023-07-03 04:57:06 UTC (1688360226)
[    0.977261] BIOS EDD facility v0.16 2004-Jun-25, 0 devices found
[    0.978522] EDD information not available.
[    1.107780] Freeing unused kernel memory: 1492K
[    1.109963] Write protecting the kernel read-only data: 14336k
[    1.112700] Freeing unused kernel memory: 1584K
[    1.114576] Freeing unused kernel memory: 52K
Loading, please wait...
starting version 229
[    1.133026] random: systemd-udevd: uninitialized urandom read (16 bytes read, 3 bits of entropy available)
[    1.134153] random: udevadm: uninitialized urandom read (16 bytes read, 3 bits of entropy available)
[    1.134197] random: udevadm: uninitialized urandom read (16 bytes read, 3 bits of entropy available)
[    1.141353] random: systemd-udevd: uninitialized urandom read (16 bytes read, 3 bits of entropy available)
[    1.143763] random: systemd-udevd: uninitialized urandom read (16 bytes read, 3 bits of entropy available)
[    1.146241] random: systemd-udevd: uninitialized urandom read (16 bytes read, 3 bits of entropy available)
[    1.149039] random: udevadm: uninitialized urandom read (16 bytes read, 3 bits of entropy available)
[    1.149097] random: udevadm: uninitialized urandom read (16 bytes read, 3 bits of entropy available)
[    1.149267] random: udevadm: uninitialized urandom read (16 bytes read, 3 bits of entropy available)
[    1.149338] random: udevadm: uninitialized urandom read (16 bytes read, 3 bits of entropy available)
[    1.222002] e1000: Intel(R) PRO/1000 Network Driver - version 7.3.21-k8-NAPI
[    1.223639] e1000: Copyright (c) 1999-2006 Intel Corporation.
[    1.227700] Fusion MPT base driver 3.04.20
[    1.228873] Copyright (c) 1999-2008 LSI Corporation
[    1.240443] Fusion MPT SPI Host driver 3.04.20
[    1.246068] AVX2 version of gcm_enc/dec engaged.
[    1.247304] AES CTR mode by8 optimization enabled
[    1.438186] input: ImExPS/2 Generic Explorer Mouse as /devices/platform/i8042/serio1/input/input4
[    1.613297] e1000 0000:00:03.0 eth0: (PCI:33MHz:32-bit) 02:be:82:6b:cc:1d
[    1.615259] e1000 0000:00:03.0 eth0: Intel(R) PRO/1000 Network Connection
[    1.617799] mptbase: ioc0: Initiating bringup
[    1.618540] e1000 0000:00:03.0 enp0s3: renamed from eth0
[    1.872511] ioc0: LSI53C1030 A0: Capabilities={Initiator}
[    4.411242] scsi host2: ioc0: LSI53C1030 A0, FwRev=00000000h, Ports=1, MaxQ=256, IRQ=20
[    6.292509] scsi 2:0:0:0: Direct-Access     VBOX     HARDDISK         1.0  PQ: 0 ANSI: 5
[    6.296264] scsi target2:0:0: Beginning Domain Validation
[    6.304394] scsi target2:0:0: Domain Validation skipping write tests
[    6.307807] scsi target2:0:0: Ending Domain Validation
[    6.310841] scsi target2:0:0: asynchronous
[    6.314635] scsi 2:0:1:0: Direct-Access     VBOX     HARDDISK         1.0  PQ: 0 ANSI: 5
[    6.319472] scsi target2:0:1: Beginning Domain Validation
[    6.326510] scsi target2:0:1: Domain Validation skipping write tests
[    6.329885] scsi target2:0:1: Ending Domain Validation
[    6.356253] scsi target2:0:1: asynchronous
[    6.362901] sd 2:0:0:0: [sda] 83886080 512-byte logical blocks: (42.9 GB/40.0 GiB)
[    6.363324] sd 2:0:0:0: Attached scsi generic sg0 type 0
[    6.363484] sd 2:0:1:0: Attached scsi generic sg1 type 0
[    6.367734] sd 2:0:1:0: [sdb] 20480 512-byte logical blocks: (10.5 MB/10.0 MiB)
[    6.367850] sd 2:0:0:0: [sda] Write Protect is off
[    6.368012] sd 2:0:0:0: [sda] Incomplete mode parameter data
[    6.368013] sd 2:0:0:0: [sda] Assuming drive cache: write through
[    6.373773] sd 2:0:1:0: [sdb] Write Protect is off
[    6.374996] sd 2:0:1:0: [sdb] Incomplete mode parameter data
[    6.376419] sd 2:0:1:0: [sdb] Assuming drive cache: write through
[    6.378328]  sda: sda1
[    6.379931] sd 2:0:0:0: [sda] Attached SCSI disk
[    6.382998] sd 2:0:1:0: [sdb] Attached SCSI disk
Begin: Loading essential drivers ... [    8.093281] md: linear personality registered for level -1
[    8.098957] md: multipath personality registered for level -4
[    8.103650] md: raid0 personality registered for level 0
[    8.109985] md: raid1 personality registered for level 1
[    8.183224] raid6: sse2x1   gen()  8400 MB/s
[    8.251217] raid6: sse2x1   xor()  6863 MB/s
[    8.319212] raid6: sse2x2   gen() 10864 MB/s
[    8.387227] raid6: sse2x2   xor()  9498 MB/s
[    8.457295] raid6: sse2x4   gen() 15689 MB/s
[    8.523205] raid6: sse2x4   xor() 10563 MB/s
[    8.591209] raid6: avx2x1   gen() 19772 MB/s
[    8.659238] raid6: avx2x2   gen() 26528 MB/s
[    8.728976] raid6: avx2x4   gen() 29897 MB/s
[    8.729995] raid6: using algorithm avx2x4 gen() 29897 MB/s
[    8.731141] raid6: using avx2x2 recovery algorithm
[    8.733532] xor: automatically using best checksumming function:
[    8.771881]    avx       : 30955.000 MB/sec
[    8.773812] async_tx: api initialized (async)
[    8.782796] md: raid6 personality registered for level 6
[    8.784407] md: raid5 personality registered for level 5
[    8.785922] md: raid4 personality registered for level 4
[    8.795273] md: raid10 personality registered for level 10
done.
Begin: Running /scripts/init-premount ... done.
Begin: Mounting root file system ... Begin: Running /scripts/local-top ... done.
Begin: Running /scripts/local-premount ... [    8.834032] Btrfs loaded
Scanning for Btrfs filesystems
done.
Warning: fsck not present, so skipping root file system
[    8.866895] EXT4-fs (sda1): mounted filesystem with ordered data mode. Opts: (null)
done.
Begin: Running /scripts/local-bottom ... done.
Begin: Running /scripts/init-bottom ... done.
[    8.977056] systemd[1]: systemd 229 running in system mode. (+PAM +AUDIT +SELINUX +IMA +APPARMOR +SMACK +SYSVINIT +UTMP +LIBCRYPTSETUP +GCRYPT +GNUTLS +ACL +XZ -LZ4 +SECCOMP +BLKID +ELFUTILS +KMOD -IDN)
[    8.984342] systemd[1]: Detected virtualization oracle.
[    8.987034] systemd[1]: Detected architecture x86-64.

Welcome to [1mUbuntu 16.04.7 LTS[0m!

[    8.993699] systemd[1]: Set hostname to <ubuntu>.
[    8.997243] systemd[1]: Initializing machine ID from random generator.
[    9.000108] systemd[1]: Installed transient /etc/machine-id file.
[    9.176630] systemd[1]: Started Trigger resolvconf update for networkd DNS.
[[0;32m  OK  [0m] Started Trigger resolvconf update for networkd DNS.
[    9.180960] systemd[1]: Listening on Device-mapper event daemon FIFOs.
[[0;32m  OK  [0m] Listening on Device-mapper event daemon FIFOs.
[    9.184808] systemd[1]: Created slice User and Session Slice.
[[0;32m  OK  [0m] Created slice User and Session Slice.
[    9.187900] systemd[1]: Reached target Encrypted Volumes.
[[0;32m  OK  [0m] Reached target Encrypted Volumes.
[    9.191462] systemd[1]: Listening on LVM2 poll daemon socket.
[[0;32m  OK  [0m] Listening on LVM2 poll daemon socket.
[    9.195272] systemd[1]: Listening on /dev/initctl Compatibility Named Pipe.
[[0;32m  OK  [0m] Listening on /dev/initctl Compatibility Named Pipe.
[    9.199811] systemd[1]: Created slice System Slice.
[[0;32m  OK  [0m] Created slice System Slice.
[    9.202456] systemd[1]: Listening on Journal Socket (/dev/log).
[[0;32m  OK  [0m] Listening on Journal Socket (/dev/log).
[    9.205897] systemd[1]: Created slice system-serial\x2dgetty.slice.
[[0;32m  OK  [0m] Created slice system-serial\x2dgetty.slice.
[    9.209175] systemd[1]: Set up automount Arbitrary Executable File Formats File System Automount Point.
[[0;32m  OK  [0m] Set up automount Arbitrary Executab...ats File System Automount Point.
[    9.214176] systemd[1]: Listening on Journal Audit Socket.
[[0;32m  OK  [0m] Listening on Journal Audit Socket.
[    9.217070] systemd[1]: Listening on udev Kernel Socket.
[[0;32m  OK  [0m] Listening on udev Kernel Socket.
[    9.219841] systemd[1]: Reached target User and Group Name Lookups.
[[0;32m  OK  [0m] Reached target User and Group Name Lookups.
[    9.224690] systemd[1]: Listening on Journal Socket.
[[0;32m  OK  [0m] Listening on Journal Socket.
[    9.239483] systemd[1]: Starting Create list of required static device nodes for the current kernel...
         Starting Create list of required st... nodes for the current kernel...
[    9.245374] systemd[1]: Starting Set console keymap...
         Starting Set console keymap...
[    9.249217] systemd[1]: Starting Uncomplicated firewall...
         Starting Uncomplicated firewall...
[    9.254043] systemd[1]: Mounting Huge Pages File System...
         Mounting Huge Pages File System...
[    9.261469] systemd[1]: Starting Load Kernel Modules...
         Starting Load Kernel Modules...
[    9.273184] systemd[1]: Listening on Syslog Socket.
[    9.275461] Loading iSCSI transport class v2.0-870.
[[0;32m  OK  [0m] Listening on Syslog Socket.
[    9.286293] iscsi: registered transport (tcp)
[    9.299552] systemd[1]: Starting Journal Service...
         Starting Journal Service...
[    9.303165] systemd[1]: Started Forward Password Requests to Wall Directory Watch.
[[0;32m  OK  [0m] Started Forward Password Requests to Wall Directory Watch.
[    9.312590] systemd[1]: Starting Nameserver information manager...
         Starting Nameserver information manager...
[    9.319472] systemd[1]: Reached target Slices.
[[0;32m  OK  [0m] Reached target Slices.
[    9.331894] systemd[1]: Listening on udev Control Socket.
[[0;32m  OK  [0m] Listening on udev Control Socket.
[    9.335926] systemd[1]: Mounting Debug File System...
         Mounting Debug File System...
[    9.340523] systemd[1]: Listening on fsck to fsckd communication Socket.
[[0;32m  OK  [0m] Listening on fsck to fsckd communication Socket.
[    9.348334] systemd[1]: Starting File System Check on Root Device...
         Starting File System Check on Root Device...
[    9.356900] systemd[1]: Listening on LVM2 metadata daemon socket.
[[0;32m  OK  [0m] Listening on LVM2 metadata daemon socket.
[    9.366218] systemd[1]: Starting Monitoring of LVM2 mirrors, snapshots etc. using dmeventd or progress polling...
         Starting Monitoring of LVM2 mirrors... dmeventd or progress polling...
[    9.388787] iscsi: registered transport (iser)
[    9.401578] systemd[1]: Mounting POSIX Message Queue File System...
         Mounting POSIX Message Queue File System...
[    9.406069] systemd[1]: Reached target System Time Synchronized.
[[0;32m  OK  [0m] Reached target System Time Synchronized.
[    9.413095] systemd[1]: Reached target Swap.
[[0;32m  OK  [0m] Reached target Swap.
[    9.419595] systemd[1]: Mounted Huge Pages File System.
[[0;32m  OK  [0m] Mounted Huge Pages File System.
[    9.423674] systemd[1]: Mounted POSIX Message Queue File System.
[[0;32m  OK  [0m] Mounted POSIX Message Queue File System.
[    9.427693] systemd[1]: Mounted Debug File System.
[[0;32m  OK  [0m] Mounted Debug File System.
[    9.431293] systemd[1]: Started Journal Service.
[[0;32m  OK  [0m] Started Journal Service.
[[0;32m  OK  [0m] Started Create list of required sta...ce nodes for the current kernel.
[[0;32m  OK  [0m] Started Set console keymap.
[[0;32m  OK  [0m] Started Uncomplicated firewall.
[[0;32m  OK  [0m] Started Load Kernel Modules.
[[0;32m  OK  [0m] Started File System Check on Root Device.
[[0;32m  OK  [0m] Started Nameserver information manager.
[[0;32m  OK  [0m] Started File System Check Daemon to report status.
[[0;32m  OK  [0m] Started LVM2 metadata daemon.
         Starting Remount Root and Kernel File Systems...
         Mounting FUSE Control File System...
         Starting Apply Kernel Variables...
[    9.479839] EXT4-fs (sda1): re-mounted. Opts: (null)
         Starting Create Static Device Nodes in /dev...
[[0;32m  OK  [0m] Mounted FUSE Control File System.
[[0;32m  OK  [0m] Started Remount Root and Kernel File Systems.
         Starting udev Coldplug all Devices...
         Starting Load/Save Random Seed...
         Starting Flush Journal to Persistent Storage...
[[0;32m  OK  [0m] Started Apply Kernel Variables.
[[0;32m  OK  [0m] Started Load/Save Random Seed.
[[0;32m  OK  [0m] Started Flush Journal to Persistent Storage.
[[0;32m  OK  [0m] Started Create Static Device Nodes in /dev.
         Starting udev Kernel Device Manager...
[[0;32m  OK  [0m] Started Monitoring of LVM2 mirrors,...ng dmeventd or progress polling.
[[0;32m  OK  [0m] Reached target Local File Systems (Pre).
[[0;32m  OK  [0m] Reached target Local File Systems.
         Starting Tell Plymouth To Write Out Runtime Data...
         Starting LSB: AppArmor initialization...
         Starting Initial cloud-init job (pre-networking)...
         Starting Set console font and keymap...
         Starting Commit a transient machine-id on disk...
         Starting Create Volatile Files and Directories...
[[0;32m  OK  [0m] Started udev Kernel Device Manager.
[[0;32m  OK  [0m] Started Tell Plymouth To Write Out Runtime Data.
[[0;32m  OK  [0m] Started Commit a transient machine-id on disk.
[[0;32m  OK  [0m] Started Create Volatile Files and Directories.
         Starting Update UTMP about System Boot/Shutdown...
[[0;32m  OK  [0m] Started Update UTMP about System Boot/Shutdown.
[[0;32m  OK  [0m] Started udev Coldplug all Devices.
[[0;32m  OK  [0m] Started Dispatch Password Requests to Console Directory Watch.
[[0;32m  OK  [0m] Found device /dev/ttyS0.
[[0;32m  OK  [0m] Listening on Load/Save RF Kill Switch Status /dev/rfkill Watch.
[[0;32m  OK  [0m] Started Set console font and keymap.
[   11.783339] cloud-init[480]: Cloud-init v. 21.1-19-gbad84ad4-0ubuntu1~16.04.2 running 'init-local' at Mon, 03 Jul 2023 04:57:16 +0000. Up 10.99 seconds.
[[0;32m  OK  [0m] Created slice system-getty.slice.
[[0;32m  OK  [0m] Started Initial cloud-init job (pre-networking).
[[0;32m  OK  [0m] Reached target Network (Pre).
[[0;32m  OK  [0m] Started LSB: AppArmor initialization.
         Starting Raise network interfaces...
         Starting Load AppArmor profiles managed internally by snapd...
[[0;32m  OK  [0m] Started Load AppArmor profiles managed internally by snapd.
[[0;32m  OK  [0m] Started Raise network interfaces.
         Starting Initial cloud-init job (metadata service crawler)...
[[0;32m  OK  [0m] Reached target Network.
[   14.714567] cloud-init[949]: Cloud-init v. 21.1-19-gbad84ad4-0ubuntu1~16.04.2 running 'init' at Mon, 03 Jul 2023 04:57:19 +0000. Up 13.64 seconds.
[   14.717561] cloud-init[949]: ci-info: ++++++++++++++++++++++++++++++++++++++Net device info++++++++++++++++++++++++++++++++++++++
[   14.720620] cloud-init[949]: ci-info: +--------+------+----------------------------+---------------+--------+-------------------+
[   14.723701] cloud-init[949]: ci-info: | Device |  Up  |          Address           |      Mask     | Scope  |     Hw-Address    |
[   14.726608] cloud-init[949]: ci-info: +--------+------+----------------------------+---------------+--------+-------------------+
[   14.728976] cloud-init[949]: ci-info: | enp0s3 | True |         10.0.2.15          | 255.255.255.0 | global | 02:be:82:6b:cc:1d |
[   14.731453] cloud-init[949]: ci-info: | enp0s3 | True | fe80::be:82ff:fe6b:cc1d/64 |       .       |  link  | 02:be:82:6b:cc:1d |
[   14.734617] cloud-init[949]: ci-info: |   lo   | True |         127.0.0.1          |   255.0.0.0   |  host  |         .         |
[   14.737131] cloud-init[949]: ci-info: |   lo   | True |          ::1/128           |       .       |  host  |         .         |
[   14.740478] cloud-init[949]: ci-info: +--------+------+----------------------------+---------------+--------+-------------------+
[   14.742592] cloud-init[949]: ci-info: +++++++++++++++++++++++++++Route IPv4 info++++++++++++++++++++++++++++
[   14.744685] cloud-init[949]: ci-info: +-------+-------------+----------+---------------+-----------+-------+
[   14.747327] cloud-init[949]: ci-info: | Route | Destination | Gateway  |    Genmask    | Interface | Flags |
[   14.749639] cloud-init[949]: ci-info: +-------+-------------+----------+---------------+-----------+-------+
[   14.751785] cloud-init[949]: ci-info: |   0   |   0.0.0.0   | 10.0.2.2 |    0.0.0.0    |   enp0s3  |   UG  |
[   14.753781] cloud-init[949]: ci-info: |   1   |   10.0.2.0  | 0.0.0.0  | 255.255.255.0 |   enp0s3  |   U   |
[   14.756423] cloud-init[949]: ci-info: +-------+-------------+----------+---------------+-----------+-------+
[   14.758882] cloud-init[949]: ci-info: +++++++++++++++++++Route IPv6 info+++++++++++++++++++
[   14.761014] cloud-init[949]: ci-info: +-------+-------------+---------+-----------+-------+
[   14.762741] cloud-init[949]: ci-info: | Route | Destination | Gateway | Interface | Flags |
[   14.765040] cloud-init[949]: ci-info: +-------+-------------+---------+-----------+-------+
[   14.767195] cloud-init[949]: ci-info: |   0   |  fe80::/64  |    ::   |   enp0s3  |   U   |
[   14.769078] cloud-init[949]: ci-info: |   3   |   ff00::/8  |    ::   |   enp0s3  |   U   |
[   14.771243] cloud-init[949]: ci-info: +-------+-------------+---------+-----------+-------+
[   14.773219] cloud-init[949]: Generating public/private rsa key pair.
[   14.775087] cloud-init[949]: Your identification has been saved in /etc/ssh/ssh_host_rsa_key.
[   14.777787] cloud-init[949]: Your public key has been saved in /etc/ssh/ssh_host_rsa_key.pub.
[   14.779669] cloud-init[949]: The key fingerprint is:
[[0;32m  OK  [0m] Started Initial cloud-init job (metadata service crawler).
[   14.782621] [[0;32m  OK  [0m] Reached target Cloud-config availability.
[[0;32m  OK  [0m] Reached target Network is Online.
cloud-init[949]: SHA256:AsxD5Cmph+2SAEXl03Y7Bg8+CdbGAbNKim/j0DQ3XlQ root@ubuntu-xenial
[   14.787058] cloud-init[949]: The key's randomart image is:
[   14.796743]          cloud-initStarting iSCSI initiator daemon (iscsid)...[949]: 
+---[RSA 2048]----+
[[0;32m  OK  [0m] Reached target System Initialization.
[[0;32m  OK  [0m] Started Daily Cleanup of Temporary Directories.
[[0;32m  OK  [0m] Started Ubuntu Advantage update messaging.
[[0;32m  OK  [0m] Started Message of the Day.
[[0;32m  OK  [0m] Started Daily apt download activities.
[   14.803585] cloud-init[949]: | .oo*.. E        |
[   14.805254] [[0;32m  OK  [0m] Started ACPI Events Check.
[[0;32m  OK  [0m] Reached target Paths.
cloud-init[949]: | . B B o         |
[   14.807778] cloud-init[949]: |. + & X .        |
[[0;32m  OK  [0m] Started Daily apt upgrade and clean activities.
[   14.809960]          Starting Socket activation for snappy daemon.
[[0;32m  OK  [0m] Listening on D-Bus System Message Bus Socket.
[[0;32m  OK  [0m] Reached target Timers.
[[0;32m  OK  [0m] Listening on ACPID Listen Socket.
cloud-init[949]: |o* + X * .       |         Starting LXD - unix socket.
[[0;32m  OK  [0m] Listening on UUID daemon activation socket.
[[0;32m  OK  [0m] Listening on Socket activation for snappy daemon.

[   14.816013] [[0;32m  OK  [0m] Listening on LXD - unix socket.
[[0;32m  OK  [0m] Reached target Sockets.
[[0;32m  OK  [0m] Reached target Basic System.
         Starting System Logging Service...
cloud-init[949]: |* * o * S        |
[   14.821225] cloud-init[949]: |.B + o + .       |[[0;32m  OK  [0m] Started Regular background program processing daemon.

         Starting LSB: Record successful boot for GRUB...
         Starting Login Service...
[   14.824929]          Starting Virtualbox guest utils...
cloud-init[949]: |+ * .            |
[   14.833027]          Starting LXD - container startup/shutdown...
cloud-init[949]: | = .             |
         Starting Pollinate to seed the pseudo random number generator...
[[0;32m  OK  [0m] Started Deferred execution scheduler.
[   14.838558] cloud-init[949]: |  .              |
[   14.841579] cloud-init[949]: +----[SHA256]-----+
[[0;32m  OK  [0m] Started FUSE filesystem for LXC.
[   14.842422] cloud-init[949]: Generating public/private dsa key pair.
[   14.844635] cloud-init[949]:          Starting Accounts Service...
Your identification has been saved in /etc/ssh/ssh_host_dsa_key.
[   14.851577] [cloud-init[0;32m  OK  [0m[949]: ] Your public key has been saved in /etc/ssh/ssh_host_dsa_key.pub.Started D-Bus System Message Bus.

[   14.857362] cloud-init[949]: The key fingerprint is:
[   14.859045] cloud-init[949]: SHA256:DYmSs862kkZvTkitHuS/zUkkclHpe2IlWEHKr7rYH5c root@ubuntu-xenial
[   14.860715] cloud-init[949]: The key's randomart image is:
[   14.862977] cloud-init[949]: +---[DSA 1024]----+
[   14.865479] cloud-init[949]: |     .+o         |
[   14.869700] cloud-init[949]: |   . +o. .       |
[   14.873151] cloud-init[949]: |    B+. o        |
[   14.875237] cloud-init[949]: |   ..*o .o       |
[   14.876772] cloud-init[949]: |  + = o+S .      |
[   14.878036] cloud-init[949]: | +.B ++..        |
[   14.879332] cloud-init[949]: | .=oB.Eo         |
[   14.880794] cloud-init[949]: | ++*oB .         |
[   14.882383] cloud-init[949]: |..=**.+          |
[   14.886505] cloud-init[949]: +----[SHA256]-----+
[   14.887442] cloud-init[949]: Generating public/private ecdsa key pair.
[   14.891213] cloud-init[949]: Your identification has been saved in /etc/ssh/ssh_host_ecdsa_key.
[   14.893226] cloud-init[949]: Your public key has been saved in /etc/ssh/ssh_host_ecdsa_key.pub.
[   14.895749] cloud-init[949]: The key fingerprint is:
[   14.896642] cloud-init[949]: SHA256:K9ymv/jR6NCS0dZbbR+iPX5gOBaWXLD2w/1lX1kxJ0I root@ubuntu-xenial
[   14.898973] cloud-init[949]: The key's randomart image is:
[   14.900380] cloud-init[949]: +---[ECDSA 256]---+
[   14.901729] cloud-init[949]: |           oE .o.|
[   14.903545] cloud-init[949]: |            .o .+|
[   14.905270] cloud-init[949]: |          .oo   .|
[   14.906506] cloud-init[949]: |       . ..=o.. o|
[   14.907676] cloud-init[949]: |      . S o +=o++|
[   14.908729] cloud-init[949]: |     . * + *o+oo*|
[   14.909838] cloud-init[949]: |      * B +.oo. +|
[   14.910916] cloud-init[949]: |       O .  . .. |
[   14.912204] cloud-init[949]: |      oo=.   ..  |
[   14.913194] cloud-init[949]: +----[SHA256]-----+
[   14.914375] cloud-init[949]: Generating public/private ed25519 key pair.
[   14.920157] cloud-init[949]: Your identification has been saved in /etc/ssh/ssh_host_ed25519_key.
[   14.922690] cloud-init[949]: Your public key has been saved in /etc/ssh/ssh_host_ed25519_key.pub.
[   14.925059] cloud-init[949]: The key fingerprint is:
[   14.926449] cloud-init[949]: SHA256:L4CQRaavUqb/9wp8GlkRRw+ubsjCakI/uUMtATPcn5s root@ubuntu-xenial
[   14.928867] cloud-init[949]: The key's randomart image is:
[   14.932020] cloud-init[949]: +--[ED25519 256]--+
[   14.938957] cloud-init[949]: |. ..+ ..+        |
[   14.940174]          Starting LSB: MD monitoring daemon...
cloud-init[949]: | = *   + o       |
[[0;32m  OK  [0m] Started ACPI event daemon.
[   14.942995] cloud-init[949]: |  B . o . .      |
         Starting Snap Daemon...
[   14.944768]          Starting /etc/rc.local Compatibility...
cloud-init[949]: |   + + o         |
[[0;32m  OK  [0m] Started System Logging Service.
[   14.949325] cloud-init[[0;32m  OK  [0m] Started /etc/rc.local Compatibility.
[949]: |  o = * S        |
[   14.958316] cloud-init[949]: | * * E . .       |
[   14.960665] cloud-init[949]: |+ * X + . .      |
[   14.965044] cloud-init[949]: |.= * *.  .       |
[[0;32m  OK  [0m] Started LXD - container startup/shutdown.
[   14.979319] [[0;32m  OK  [0m] Started iSCSI initiator daemon (iscsid).
cloud-init[[0;32m  OK  [0m] Started Login Service.
[949]: |+ .o*..o.        |
[   14.992974] cloud-init[949]: +----[SHA256]-----+
[[0;32m  OK  [0m] Started Unattended Upgrades Shutdown.
         Starting Authenticate and Authorize Users to Run Privileged Tasks...
         Starting Login to default iSCSI targets...
[[0;32m  OK  [0m] Started LSB: Record successful boot for GRUB.
[[0;32m  OK  [0m] Started LSB: MD monitoring daemon.
[[0;32m  OK  [0m] Started Login to default iSCSI targets.
[[0;32m  OK  [0m] Reached target Remote File Systems (Pre).
[[0;32m  OK  [0m] Reached target Remote File Systems.
         Starting LSB: automatic crash report generation...
         Starting Permit User Sessions...
         Starting LSB: Set the CPU Frequency Scaling governor to "ondemand"...
         Starting LSB: daemon to balance interrupts for SMP systems...
[[0;32m  OK  [0m] Started Permit User Sessions.
         Starting Hold until boot process finishes up...
         Starting Terminate Plymouth Boot Screen...
[[0;32m  OK  [0m] Started Hold until boot process finishes up.
[[0;32m  OK  [0m] Started Getty on tty1.
[[0;32m  OK  [0m] Started Serial Getty on ttyS0.
[[0;32m  OK  [0m] Reached target Login Prompts.
         Starting Set console scheme...
[[0;32m  OK  [0m] Started Terminate Plymouth Boot Screen.
[[0;32m  OK  [0m] Started Set console scheme.
[[0;32m  OK  [0m] Started Authenticate and Authorize Users to Run Privileged Tasks.
[[0;32m  OK  [0m] Started LSB: automatic crash report generation.
[[0;32m  OK  [0m] Started Accounts Service.
[[0;32m  OK  [0m] Started LSB: Set the CPU Frequency Scaling governor to "ondemand".
[[0;32m  OK  [0m] Started LSB: daemon to balance interrupts for SMP systems.
[[0;32m  OK  [0m] Started Virtualbox guest utils.
[[0;32m  OK  [0m] Started Snap Daemon.
         Starting Wait until snapd is fully seeded...
[[0;32m  OK  [0m] Started Pollinate to seed the pseudo random number generator.
         Starting OpenBSD Secure Shell server...
[[0;32m  OK  [0m] Started OpenBSD Secure Shell server.
[[0;32m  OK  [0m] Started Wait until snapd is fully seeded.
[[0;32m  OK  [0m] Reached target Multi-User System.
[[0;32m  OK  [0m] Reached target Graphical Interface.
         Starting Update UTMP about System Runlevel Changes...
         Starting Apply the settings specified in cloud-config...
[[0;32m  OK  [0m] Started Update UTMP about System Runlevel Changes.
[[0;32m  OK  [0m] Created slice User Slice of vagrant.
         Starting User Manager for UID 1000...
[[0;32m  OK  [0m] Started Session 1 of user vagrant.
[[0;32m  OK  [0m] Started User Manager for UID 1000.
[   18.845009] cloud-init[1308]: Generating locales (this might take a while)...
[   20.208429] cloud-init[1308]:   en_US.UTF-8... done
[   20.210763] cloud-init[1308]: Generation complete.
[   20.776131] cloud-init[1308]: Cloud-init v. 21.1-19-gbad84ad4-0ubuntu1~16.04.2 running 'modules:config' at Mon, 03 Jul 2023 04:57:24 +0000. Up 18.56 seconds.

Ubuntu 16.04.7 LTS ubuntu-xenial ttyS0

ubuntu-xenial login: ci-info: no authorized SSH keys fingerprints found for user ubuntu.
<14>Jul  3 04:57:27 ec2: 
<14>Jul  3 04:57:27 ec2: #############################################################
<14>Jul  3 04:57:27 ec2: -----BEGIN SSH HOST KEY FINGERPRINTS-----
<14>Jul  3 04:57:27 ec2: 1024 SHA256:DYmSs862kkZvTkitHuS/zUkkclHpe2IlWEHKr7rYH5c root@ubuntu-xenial (DSA)
<14>Jul  3 04:57:27 ec2: 256 SHA256:K9ymv/jR6NCS0dZbbR+iPX5gOBaWXLD2w/1lX1kxJ0I root@ubuntu-xenial (ECDSA)
<14>Jul  3 04:57:27 ec2: 256 SHA256:L4CQRaavUqb/9wp8GlkRRw+ubsjCakI/uUMtATPcn5s root@ubuntu-xenial (ED25519)
<14>Jul  3 04:57:27 ec2: 2048 SHA256:AsxD5Cmph+2SAEXl03Y7Bg8+CdbGAbNKim/j0DQ3XlQ root@ubuntu-xenial (RSA)
<14>Jul  3 04:57:27 ec2: -----END SSH HOST KEY FINGERPRINTS-----
<14>Jul  3 04:57:27 ec2: #############################################################
-----BEGIN SSH HOST KEY KEYS-----
ecdsa-sha2-nistp256 AAAAE2VjZHNhLXNoYTItbmlzdHAyNTYAAAAIbmlzdHAyNTYAAABBBNTDd7ckBeDRPS0FD6i8eKSmtUYljv6s0iz/o8qi1GU+ZEbJ9z8xN92QHYBfFXdCm6HAeqVEgZ/Baf4Kjkk2ndk= root@ubuntu-xenial
ssh-ed25519 AAAAC3NzaC1lZDI1NTE5AAAAIBKzXjzlGRkNGJ8qtRhjcpwfrS9Y+ElurjMLZMZsMhji root@ubuntu-xenial
ssh-rsa AAAAB3NzaC1yc2EAAAADAQABAAABAQCjTmYxJlzu+edVwLH6LOGV3nIXYbkqFyNdUUJbph+Xwc5PBK0uvWyeKLDcCKhfMwlO8NKnMSYQK+ZBUqw5ZfPcOHiXrk9dImGKLlUZpFmWhd17hu8j3keF6jzNwLP1To9ZcSrb2pNC5Rq+fDIuwOXHFmgTmVn0rpQ7qPKndAfbH8MKc9MtEAcar9I/WVySgGgasbRHAMCB0hVyUiFv0TS5zCjfFzVBVdepNa/Au2lu+ShpYCt0+dUAUgoxBzfiL0FG9lq5gnIh33yZkcfa/EeyEefZ1dqWQ6IiiutQwtPXzwbg0nDUdVvkfM+ky4fr+qbhx3VYJpLEPUeqiOQ0s6uH root@ubuntu-xenial
-----END SSH HOST KEY KEYS-----
[   21.747555] cloud-init[1484]: Cloud-init v. 21.1-19-gbad84ad4-0ubuntu1~16.04.2 running 'modules:final' at Mon, 03 Jul 2023 04:57:27 +0000. Up 21.48 seconds.
[   21.751179] cloud-init[1484]: ci-info: no authorized SSH keys fingerprints found for user ubuntu.
[   21.753356] cloud-init[1484]: Cloud-init v. 21.1-19-gbad84ad4-0ubuntu1~16.04.2 finished at Mon, 03 Jul 2023 04:57:27 +0000. Datasource DataSourceNoCloud [seed=/dev/sdb][dsmode=net].  Up 21.73 seconds
